0 info it worked if it ends with ok
1 verbose cli [ '/usr/local/bin/node',
1 verbose cli   '/usr/local/bin/npm',
1 verbose cli   'version',
1 verbose cli   'patch' ]
2 info using npm@1.1.63
3 info using node@v0.8.12
4 silly exec git "status" "--porcelain"
5 silly git,status,--porcelain, spawning
6 error Error: Git working directory not clean.
6 error M package.json
6 error M timer.js
6 error     at /usr/local/lib/node_modules/npm/lib/version.js:82:33
6 error     at ChildProcess.<anonymous> (/usr/local/lib/node_modules/npm/lib/utils/exec.js:61:5)
6 error     at ChildProcess.EventEmitter.emit (events.js:96:17)
6 error     at Process._handle.onexit (child_process.js:678:10)
7 error If you need help, you may report this log at:
7 error     <http://github.com/isaacs/npm/issues>
7 error or email it to:
7 error     <npm-@googlegroups.com>
8 error System Linux 3.2.0-3-amd64
9 error command "/usr/local/bin/node" "/usr/local/bin/npm" "version" "patch"
10 error cwd /home/robashton/src/primo/timer
11 error node -v v0.8.12
12 error npm -v 1.1.63
13 verbose exit [ 1, true ]
